<?xml version="1.0" encoding="UTF-8"?>
<!-- Generated by org.testng.reporters.JUnitXMLReporter -->
<testsuite hostname="DESKTOP-GLG4RJ7" ignored="0" name="Default test" tests="3" failures="0" timestamp="02 Apr 2020 21:58:57 GMT" time="28.878" errors="0">
  <testcase name="isInCart" time="11.084" classname="tests.CartPageTest"/>
  <testcase name="compareTotalPrices" time="0.25" classname="tests.CartPageTest"/>
  <testcase name="deleteCookiesTest" time="4.175" classname="tests.CartPageTest"/>
</testsuite> <!-- Default test -->
